TN:
SF:seedData.js
FNF:0
FNH:0
DA:1,1
DA:16,1
DA:32,1
LF:3
LH:3
BRF:0
BRH:0
end_of_record
TN:
SF:db/connection.js
FNF:0
FNH:0
DA:1,1
DA:2,1
DA:4,1
DA:10,1
LF:4
LH:4
BRF:0
BRH:0
end_of_record
TN:
SF:models/index.js
FNF:0
FNH:0
DA:1,1
DA:2,1
DA:4,1
DA:5,1
DA:7,1
LF:5
LH:5
BRF:0
BRH:0
end_of_record
TN:
SF:src/app.js
FN:9,(anonymous_0)
FN:19,(anonymous_1)
FN:29,(anonymous_2)
FN:39,(anonymous_3)
FN:49,(anonymous_4)
FNF:5
FNH:2
FNDA:1,(anonymous_0)
FNDA:0,(anonymous_1)
FNDA:0,(anonymous_2)
FNDA:0,(anonymous_3)
FNDA:1,(anonymous_4)
DA:1,1
DA:2,1
DA:3,1
DA:4,1
DA:6,1
DA:9,1
DA:10,1
DA:11,1
DA:12,1
DA:15,0
DA:19,1
DA:20,0
DA:21,0
DA:22,0
DA:25,0
DA:29,1
DA:30,0
DA:31,0
DA:32,0
DA:35,0
DA:39,1
DA:40,0
DA:41,0
DA:42,0
DA:45,0
DA:49,1
DA:50,1
DA:51,1
DA:52,1
DA:55,0
DA:59,1
LF:31
LH:17
BRF:0
BRH:0
end_of_record
